[INFO] Scanning for projects...
[INFO] 
[INFO] ------------------------------< com:pro >-------------------------------
[INFO] Building pro 0.0.1-SNAPSHOT
[INFO]   from pom.xml
[INFO] --------------------------------[ jar ]---------------------------------
[INFO] 
[INFO] >>> spring-boot:3.5.7:run (default-cli) > test-compile @ pro >>>
[INFO] 
[INFO] --- resources:3.3.1:resources (default-resources) @ pro ---
[INFO] Copying 1 resource from src/main/resources to target/classes
[INFO] Copying 3 resources from src/main/resources to target/classes
[INFO] 
[INFO] --- compiler:3.14.1:compile (default-compile) @ pro ---
[INFO] Nothing to compile - all classes are up to date.
[INFO] 
[INFO] --- resources:3.3.1:testResources (default-testResources) @ pro ---
[INFO] skip non existing resourceDirectory /Users/udaykirantentu/Desktop/Test/java/pro/src/test/resources
[INFO] 
[INFO] --- compiler:3.14.1:testCompile (default-testCompile) @ pro ---
[INFO] Nothing to compile - all classes are up to date.
[INFO] 
[INFO] <<< spring-boot:3.5.7:run (default-cli) < test-compile @ pro <<<
[INFO] 
[INFO] 
[INFO] --- spring-boot:3.5.7:run (default-cli) @ pro ---
[INFO] Attaching agents: []

  .   ____          _            __ _ _
 /\\ / ___'_ __ _ _(_)_ __  __ _ \ \ \ \
( ( )\___ | '_ | '_| | '_ \/ _` | \ \ \ \
 \\/  ___)| |_)| | | | | || (_| |  ) ) ) )
  '  |____| .__|_| |_|_| |_\__, | / / / /
 =========|_|==============|___/=/_/_/_/

 :: Spring Boot ::                (v3.5.7)

2025-11-17T21:00:18.591+05:30  INFO 48221 --- [pro] [           main] com.pro.ProApplication                   : Starting ProApplication using Java 18.0.2 with PID 48221 (/Users/udaykirantentu/Desktop/Test/java/pro/target/classes started by udaykirantentu in /Users/udaykirantentu/Desktop/Test/java/pro)
2025-11-17T21:00:18.592+05:30  INFO 48221 --- [pro] [           main] com.pro.ProApplication                   : No active profile set, falling back to 1 default profile: "default"
2025-11-17T21:00:19.006+05:30  INFO 48221 --- [pro] [           main] o.s.b.w.embedded.tomcat.TomcatWebServer  : Tomcat initialized with port 8080 (http)
2025-11-17T21:00:19.013+05:30  INFO 48221 --- [pro] [           main] o.apache.catalina.core.StandardService   : Starting service [Tomcat]
2025-11-17T21:00:19.014+05:30  INFO 48221 --- [pro] [           main] o.apache.catalina.core.StandardEngine    : Starting Servlet engine: [Apache Tomcat/10.1.48]
2025-11-17T21:00:19.040+05:30  INFO 48221 --- [pro] [           main] o.a.c.c.C.[Tomcat].[localhost].[/]       : Initializing Spring embedded WebApplicationContext
2025-11-17T21:00:19.040+05:30  INFO 48221 --- [pro] [           main] w.s.c.ServletWebServerApplicationContext : Root WebApplicationContext: initialization completed in 428 ms
2025-11-17T21:00:19.121+05:30  INFO 48221 --- [pro] [           main] o.s.b.a.w.s.WelcomePageHandlerMapping    : Adding welcome page template: index
2025-11-17T21:00:19.248+05:30  INFO 48221 --- [pro] [           main] o.s.b.w.embedded.tomcat.TomcatWebServer  : Tomcat started on port 8080 (http) with context path '/'
2025-11-17T21:00:19.253+05:30  INFO 48221 --- [pro] [           main] com.pro.ProApplication                   : Started ProApplication in 0.851 seconds (process running for 0.985)
2025-11-17T21:00:37.064+05:30  INFO 48221 --- [pro] [nio-8080-exec-1] o.a.c.c.C.[Tomcat].[localhost].[/]       : Initializing Spring DispatcherServlet 'dispatcherServlet'
2025-11-17T21:00:37.064+05:30  INFO 48221 --- [pro] [nio-8080-exec-1] o.s.web.servlet.DispatcherServlet        : Initializing Servlet 'dispatcherServlet'
2025-11-17T21:00:37.065+05:30  INFO 48221 --- [pro] [nio-8080-exec-1] o.s.web.servlet.DispatcherServlet        : Completed initialization in 1 ms
